<?xml version="1.0" encoding="utf-8"?><testsuites name="pytest tests"><testsuite name="pytest" errors="0" failures="0" skipped="0" tests="23" time="6.124" timestamp="2026-04-20T18:57:41.783823+00:00" hostname="agent-env-d7955db8-73a1-4679-8171-5129ebae7072"><testcase classname="backend.tests.test_iteration49_sto.TestPublic" name="test_health" time="1.256" /><testcase classname="backend.tests.test_iteration49_sto.TestPublic" name="test_public_info_pre_launch" time="2.738" /><testcase classname="backend.tests.test_iteration49_sto.TestLead" name="test_lead_create_then_idempotent_upsert" time="0.107" /><testcase classname="backend.tests.test_iteration49_sto.TestLead" name="test_lead_invalid_email" time="0.047" /><testcase classname="backend.tests.test_iteration49_sto.TestLead" name="test_lead_full_name_too_short" time="0.047" /><testcase classname="backend.tests.test_iteration49_sto.TestLead" name="test_lead_country_wrong_length" time="0.047" /><testcase classname="backend.tests.test_iteration49_sto.TestKyc" name="test_kyc_submit_no_jwt" time="0.047" /><testcase classname="backend.tests.test_iteration49_sto.TestKyc" name="test_kyc_submit_with_jwt" time="0.562" /><testcase classname="backend.tests.test_iteration49_sto.TestKyc" name="test_kyc_status_after_submit" time="0.049" /><testcase classname="backend.tests.test_iteration49_sto.TestPortfolio" name="test_portfolio_predeploy" time="0.045" /><testcase classname="backend.tests.test_iteration49_sto.TestPortfolio" name="test_portfolio_invalid_wallet" time="0.055" /><testcase classname="backend.tests.test_iteration49_sto.TestNotDeployed" name="test_redemption_request_503" time="0.049" /><testcase classname="backend.tests.test_iteration49_sto.TestNotDeployed" name="test_revenue_claim_build_503" time="0.051" /><testcase classname="backend.tests.test_iteration49_sto.TestAdmin" name="test_whitelist_add_non_admin_403" time="0.048" /><testcase classname="backend.tests.test_iteration49_sto.TestAdmin" name="test_whitelist_add_admin_503" time="0.323" /><testcase classname="backend.tests.test_iteration49_sto.TestAdmin" name="test_admin_mint_build_503" time="0.052" /><testcase classname="backend.tests.test_iteration49_sto.TestAdmin" name="test_admin_nav_update_bad_hash_422" time="0.054" /><testcase classname="backend.tests.test_iteration49_sto.TestAdmin" name="test_admin_nav_update_valid_503" time="0.050" /><testcase classname="backend.tests.test_iteration49_sto.TestAdmin" name="test_admin_leads_includes_test_lead" time="0.068" /><testcase classname="backend.tests.test_iteration49_sto.TestAdmin" name="test_admin_report_holders_csv" time="0.049" /><testcase classname="backend.tests.test_iteration49_sto.TestRegression" name="test_swap_hybrid_health" time="0.082" /><testcase classname="backend.tests.test_iteration49_sto.TestRegression" name="test_swap_hybrid_quote" time="0.047" /><testcase classname="backend.tests.test_iteration49_sto.TestRegression" name="test_launchpad_health" time="0.162" /></testsuite></testsuites>