<?xml version="1.0" encoding="utf-8"?><testsuites name="pytest tests"><testsuite name="pytest" errors="0" failures="0" skipped="0" tests="18" time="71.899" timestamp="2026-04-20T19:24:16.078378+00:00" hostname="agent-env-d7955db8-73a1-4679-8171-5129ebae7072"><testcase classname="backend.tests.test_iteration50_sto_hardening.TestHealthAndPublic" name="test_sto_health_awaiting_deploy" time="1.492" /><testcase classname="backend.tests.test_iteration50_sto_hardening.TestHealthAndPublic" name="test_sto_public_info_pre_launch" time="2.784" /><testcase classname="backend.tests.test_iteration50_sto_hardening.TestHealthAndPublic" name="test_swap_hybrid_health_regression" time="0.099" /><testcase classname="backend.tests.test_iteration50_sto_hardening.TestHealthAndPublic" name="test_launchpad_health_regression" time="0.179" /><testcase classname="backend.tests.test_iteration50_sto_hardening.TestHealthAndPublic" name="test_portfolio_predeploy_regression" time="0.655" /><testcase classname="backend.tests.test_iteration50_sto_hardening.TestHealthAndPublic" name="test_kyc_submit_regression" time="0.108" /><testcase classname="backend.tests.test_iteration50_sto_hardening.TestAdminAuthRoleBased" name="test_admin_leads_admin_200" time="0.347" /><testcase classname="backend.tests.test_iteration50_sto_hardening.TestAdminAuthRoleBased" name="test_admin_leads_user_403" time="0.057" /><testcase classname="backend.tests.test_iteration50_sto_hardening.TestAdminAuthRoleBased" name="test_admin_leads_no_jwt_401_or_403" time="0.053" /><testcase classname="backend.tests.test_iteration50_sto_hardening.TestAdminLeadsExport" name="test_export_admin_csv" time="0.065" /><testcase classname="backend.tests.test_iteration50_sto_hardening.TestAdminLeadsExport" name="test_export_user_403" time="0.057" /><testcase classname="backend.tests.test_iteration50_sto_hardening.TestAdminBroadcast" name="test_broadcast_subject_too_short_422" time="0.058" /><testcase classname="backend.tests.test_iteration50_sto_hardening.TestAdminBroadcast" name="test_broadcast_html_too_short_422" time="0.054" /><testcase classname="backend.tests.test_iteration50_sto_hardening.TestAdminBroadcast" name="test_broadcast_user_403" time="0.053" /><testcase classname="backend.tests.test_iteration50_sto_hardening.TestAdminBroadcast" name="test_broadcast_admin_success" time="0.331" /><testcase classname="backend.tests.test_iteration50_sto_hardening.TestRateLimit" name="test_zzz_lead_validation_invalid_email_422" time="65.166" /><testcase classname="backend.tests.test_iteration50_sto_hardening.TestRateLimit" name="test_zzz_rate_limit_allows_3_then_429" time="0.211" /><testcase classname="backend.tests.test_iteration50_sto_hardening.TestRateLimit" name="test_zzz_rate_limit_per_ip_not_per_email" time="0.055" /></testsuite></testsuites>