<?xml version="1.0" encoding="utf-8"?><testsuites name="pytest tests"><testsuite name="pytest" errors="0" failures="0" skipped="0" tests="14" time="11.479" timestamp="2026-04-20T00:00:10.406538+00:00" hostname="agent-env-d7955db8-73a1-4679-8171-5129ebae7072"><testcase classname="backend.tests.test_swap_user_signed_dex" name="test_swap_health" time="0.264" /><testcase classname="backend.tests.test_swap_user_signed_dex" name="test_swap_tokens_list_has_8" time="0.431" /><testcase classname="backend.tests.test_swap_user_signed_dex" name="test_wbnb_canonical_address" time="0.061" /><testcase classname="backend.tests.test_swap_user_signed_dex" name="test_hybrid_health_user_signed" time="2.399" /><testcase classname="backend.tests.test_swap_user_signed_dex" name="test_hybrid_quote_valid_pairs[pair0]" time="3.190" /><testcase classname="backend.tests.test_swap_user_signed_dex" name="test_hybrid_quote_valid_pairs[pair1]" time="0.555" /><testcase classname="backend.tests.test_swap_user_signed_dex" name="test_hybrid_quote_valid_pairs[pair2]" time="0.258" /><testcase classname="backend.tests.test_swap_user_signed_dex" name="test_hybrid_build_returns_onchain_calldata" time="1.041" /><testcase classname="backend.tests.test_swap_user_signed_dex" name="test_hybrid_execute_returns_410" time="0.068" /><testcase classname="backend.tests.test_swap_user_signed_dex" name="test_swap_quote_non_hybrid" time="0.250" /><testcase classname="backend.tests.test_swap_user_signed_dex" name="test_swap_build_non_hybrid" time="0.594" /><testcase classname="backend.tests.test_swap_user_signed_dex" name="test_track_and_history" time="0.714" /><testcase classname="backend.tests.test_swap_user_signed_dex" name="test_hybrid_build_same_token_400" time="0.059" /><testcase classname="backend.tests.test_swap_user_signed_dex" name="test_no_liquidity_pair_quote_estimate_and_build_422" time="1.518" /></testsuite></testsuites>