<?xml version="1.0" encoding="utf-8"?><testsuites name="pytest tests"><testsuite name="pytest" errors="0" failures="0" skipped="0" tests="21" time="7.070" timestamp="2026-04-20T00:44:56.951840+00:00" hostname="agent-env-d7955db8-73a1-4679-8171-5129ebae7072"><testcase classname="backend.tests.test_iteration47_launchpad" name="test_factory_abi_is_valid_json" time="0.001" /><testcase classname="backend.tests.test_iteration47_launchpad" name="test_token_abi_is_valid_json" time="0.000" /><testcase classname="backend.tests.test_iteration47_launchpad" name="test_launchpad_health_awaiting_deploy" time="2.496" /><testcase classname="backend.tests.test_iteration47_launchpad" name="test_config_503_when_not_deployed" time="2.814" /><testcase classname="backend.tests.test_iteration47_launchpad" name="test_tokens_list_503_when_not_deployed" time="0.056" /><testcase classname="backend.tests.test_iteration47_launchpad" name="test_tokens_list_503_with_pagination_params" time="0.049" /><testcase classname="backend.tests.test_iteration47_launchpad" name="test_token_detail_503_when_not_deployed" time="0.084" /><testcase classname="backend.tests.test_iteration47_launchpad" name="test_quote_buy_503_when_not_deployed" time="0.049" /><testcase classname="backend.tests.test_iteration47_launchpad" name="test_quote_sell_503_when_not_deployed" time="0.049" /><testcase classname="backend.tests.test_iteration47_launchpad" name="test_build_create_unauth_returns_401" time="0.047" /><testcase classname="backend.tests.test_iteration47_launchpad" name="test_build_buy_unauth_returns_401" time="0.046" /><testcase classname="backend.tests.test_iteration47_launchpad" name="test_build_sell_unauth_returns_401" time="0.052" /><testcase classname="backend.tests.test_iteration47_launchpad" name="test_build_create_auth_returns_503" time="0.463" /><testcase classname="backend.tests.test_iteration47_launchpad" name="test_build_buy_auth_returns_503" time="0.047" /><testcase classname="backend.tests.test_iteration47_launchpad" name="test_build_sell_auth_returns_503" time="0.051" /><testcase classname="backend.tests.test_iteration47_launchpad" name="test_build_buy_bnb_in_zero_returns_422" time="0.052" /><testcase classname="backend.tests.test_iteration47_launchpad" name="test_build_create_empty_name_returns_422" time="0.048" /><testcase classname="backend.tests.test_iteration47_launchpad" name="test_build_sell_tokens_in_zero_returns_422" time="0.047" /><testcase classname="backend.tests.test_iteration47_launchpad" name="test_swap_hybrid_health_regression" time="0.092" /><testcase classname="backend.tests.test_iteration47_launchpad" name="test_swap_hybrid_quote_regression" time="0.363" /><testcase classname="backend.tests.test_iteration47_launchpad" name="test_swap_health_regression" time="0.084" /></testsuite></testsuites>